0 info it worked if it ends with ok
1 verbose cli [ 'C:\\Program Files\\nodejs\\\\node.exe',
1 verbose cli   'C:\\Program Files\\nodejs\\node_modules\\npm\\bin\\npm-cli.js',
1 verbose cli   'install',
1 verbose cli   'lodash._basefind' ]
2 info using npm@1.4.28
3 info using node@v0.10.32
4 verbose node symlink C:\Program Files\nodejs\\node.exe
5 verbose cache add [ 'lodash._basefind', null ]
6 verbose cache add name=undefined spec="lodash._basefind" args=["lodash._basefind",null]
7 verbose parsed url { protocol: null,
7 verbose parsed url   slashes: null,
7 verbose parsed url   auth: null,
7 verbose parsed url   host: null,
7 verbose parsed url   port: null,
7 verbose parsed url   hostname: null,
7 verbose parsed url   hash: null,
7 verbose parsed url   search: null,
7 verbose parsed url   query: null,
7 verbose parsed url   pathname: 'lodash._basefind',
7 verbose parsed url   path: 'lodash._basefind',
7 verbose parsed url   href: 'lodash._basefind' }
8 silly lockFile d7374c39-lodash-basefind lodash._basefind
9 verbose lock lodash._basefind C:\Users\rlobo\AppData\Roaming\npm-cache\d7374c39-lodash-basefind.lock
10 silly lockFile d7374c39-lodash-basefind lodash._basefind
11 silly lockFile d7374c39-lodash-basefind lodash._basefind
12 verbose addNamed [ 'lodash._basefind', '' ]
13 verbose addNamed [ null, '*' ]
14 silly lockFile dc91f296-lodash-basefind lodash._basefind@
15 verbose lock lodash._basefind@ C:\Users\rlobo\AppData\Roaming\npm-cache\dc91f296-lodash-basefind.lock
16 silly addNameRange { name: 'lodash._basefind', range: '*', hasData: false }
17 verbose request where is /lodash._basefind
18 verbose request registry https://registry.npmjs.org/
19 verbose request id 50ddfdb3446c6185
20 verbose url raw /lodash._basefind
21 verbose url resolving [ 'https://registry.npmjs.org/', './lodash._basefind' ]
22 verbose url resolved https://registry.npmjs.org/lodash._basefind
23 verbose request where is https://registry.npmjs.org/lodash._basefind
24 info trying registry request attempt 1 at 09:22:04
25 http GET https://registry.npmjs.org/lodash._basefind
26 http 404 https://registry.npmjs.org/lodash._basefind
27 verbose headers { date: 'Wed, 22 Oct 2014 15:22:07 GMT',
27 verbose headers   server: 'CouchDB/1.5.0 (Erlang OTP/R16B03)',
27 verbose headers   'content-type': 'application/json',
27 verbose headers   'cache-control': 'max-age=0',
27 verbose headers   'content-length': '52',
27 verbose headers   'accept-ranges': 'bytes',
27 verbose headers   via: '1.1 varnish',
27 verbose headers   age: '0',
27 verbose headers   'x-served-by': 'cache-jfk1032-JFK',
27 verbose headers   'x-cache': 'MISS',
27 verbose headers   'x-cache-hits': '0',
27 verbose headers   'x-timer': 'S1413991327.958588,VS0,VE18',
27 verbose headers   'keep-alive': 'timeout=10, max=50',
27 verbose headers   connection: 'Keep-Alive' }
28 silly registry.get cb [ 404,
28 silly registry.get   { date: 'Wed, 22 Oct 2014 15:22:07 GMT',
28 silly registry.get     server: 'CouchDB/1.5.0 (Erlang OTP/R16B03)',
28 silly registry.get     'content-type': 'application/json',
28 silly registry.get     'cache-control': 'max-age=0',
28 silly registry.get     'content-length': '52',
28 silly registry.get     'accept-ranges': 'bytes',
28 silly registry.get     via: '1.1 varnish',
28 silly registry.get     age: '0',
28 silly registry.get     'x-served-by': 'cache-jfk1032-JFK',
28 silly registry.get     'x-cache': 'MISS',
28 silly registry.get     'x-cache-hits': '0',
28 silly registry.get     'x-timer': 'S1413991327.958588,VS0,VE18',
28 silly registry.get     'keep-alive': 'timeout=10, max=50',
28 silly registry.get     connection: 'Keep-Alive' } ]
29 silly lockFile dc91f296-lodash-basefind lodash._basefind@
30 silly lockFile dc91f296-lodash-basefind lodash._basefind@
31 error 404 404 Not Found: lodash._basefind
31 error 404
31 error 404 'lodash._basefind' is not in the npm registry.
31 error 404 You should bug the author to publish it
31 error 404
31 error 404 Note that you can also install from a
31 error 404 tarball, folder, or http url, or git url.
32 error System Windows_NT 6.1.7601
33 error command "C:\\Program Files\\nodejs\\\\node.exe" "C:\\Program Files\\nodejs\\node_modules\\npm\\bin\\npm-cli.js" "install" "lodash._basefind"
34 error cwd C:\Users\rlobo\Documents\NetBeansProjects\angularjs-campaign-template\angularSPASDK
35 error node -v v0.10.32
36 error npm -v 1.4.28
37 error code E404
38 verbose exit [ 1, true ]
